0.014142 0.017678 0.028284 0.035355 0.014142 0.053033 0.056569 0.017678 0.042426 0.035355 0.056569 0.035355 0.028284 0.053033 0.042426 0.017678 0.014142 0.035355 0.028284 0.017678 Intersection node with center-of-mass = [0.032527, 0.031820, ]; children are:
Empty node
Intersection node with center-of-mass = [0.032527, 0.031820, ]; children are:
Intersection node with center-of-mass = [0.049497, 0.026517, ]; children are:
Leaf node; data = [0.056569, 0.017678,  (index = 3)]
Leaf node; data = [0.042426, 0.017678,  (index = 7)]
Leaf node; data = [0.056569, 0.035355,  (index = 5)]
Leaf node; data = [0.042426, 0.035355,  (index = 4)]
Intersection node with center-of-mass = [0.021213, 0.026517, ]; children are:
Leaf node; data = [0.028284, 0.017678,  (index = 9)]
Leaf node; data = [0.014142, 0.017678,  (index = 0)]
Leaf node; data = [0.028284, 0.035355,  (index = 1)]
Leaf node; data = [0.014142, 0.035355,  (index = 8)]
Empty node
Intersection node with center-of-mass = [0.021213, 0.053033, ]; children are:
Empty node
Empty node
Leaf node; data = [0.028284, 0.053033,  (index = 6)]
Leaf node; data = [0.014142, 0.053033,  (index = 2)]
Empty node
Empty node
n = 10, simulation time = 0.001327 seconds, absmin = 0.858658, absavg = 0.959221
